2020-11-01T00:18:35+00:00 ERROR Error getting remote inbox notification data feed
2020-11-01T00:18:35+00:00 ERROR WP_Error Object
(
    [errors] => Array
        (
            [http_request_failed] => Array
                (
                    [0] => cURL error 28: Resolving timed out after 5001 milliseconds
                )

        )

    [error_data] => Array
        (
        )

)

2020-11-01T00:26:39+00:00 ERROR Error getting remote inbox notification data feed
2020-11-01T00:26:39+00:00 ERROR WP_Error Object
(
    [errors] => Array
        (
            [http_request_failed] => Array
                (
                    [0] => cURL error 28: Resolving timed out after 5001 milliseconds
                )

        )

    [error_data] => Array
        (
        )

)

2020-11-01T00:29:28+00:00 ERROR Error getting remote inbox notification data feed
2020-11-01T00:29:28+00:00 ERROR WP_Error Object
(
    [errors] => Array
        (
            [http_request_failed] => Array
                (
                    [0] => cURL error 28: Resolving timed out after 5000 milliseconds
                )

        )

    [error_data] => Array
        (
        )

)

2020-11-01T00:33:40+00:00 ERROR Error getting remote inbox notification data feed
2020-11-01T00:33:40+00:00 ERROR WP_Error Object
(
    [errors] => Array
        (
            [http_request_failed] => Array
                (
                    [0] => cURL error 28: Resolving timed out after 5002 milliseconds
                )

        )

    [error_data] => Array
        (
        )

)

2020-11-01T00:40:44+00:00 ERROR Error getting remote inbox notification data feed
2020-11-01T00:40:44+00:00 ERROR WP_Error Object
(
    [errors] => Array
        (
            [http_request_failed] => Array
                (
                    [0] => cURL error 28: Resolving timed out after 5000 milliseconds
                )

        )

    [error_data] => Array
        (
        )

)

2020-11-01T02:25:34+00:00 ERROR Error getting remote inbox notification data feed
2020-11-01T02:25:34+00:00 ERROR WP_Error Object
(
    [errors] => Array
        (
            [http_request_failed] => Array
                (
                    [0] => cURL error 28: Resolving timed out after 5001 milliseconds
                )

        )

    [error_data] => Array
        (
        )

)

2020-11-01T02:28:41+00:00 ERROR Error getting remote inbox notification data feed
2020-11-01T02:28:41+00:00 ERROR WP_Error Object
(
    [errors] => Array
        (
            [http_request_failed] => Array
                (
                    [0] => cURL error 28: Resolving timed out after 5002 milliseconds
                )

        )

    [error_data] => Array
        (
        )

)

2020-11-01T02:31:30+00:00 ERROR Error getting remote inbox notification data feed
2020-11-01T02:31:30+00:00 ERROR WP_Error Object
(
    [errors] => Array
        (
            [http_request_failed] => Array
                (
                    [0] => cURL error 28: Resolving timed out after 5000 milliseconds
                )

        )

    [error_data] => Array
        (
        )

)

2020-11-01T02:33:04+00:00 ERROR Error getting remote inbox notification data feed
2020-11-01T02:33:04+00:00 ERROR WP_Error Object
(
    [errors] => Array
        (
            [http_request_failed] => Array
                (
                    [0] => cURL error 28: Resolving timed out after 5000 milliseconds
                )

        )

    [error_data] => Array
        (
        )

)

2020-11-01T02:35:41+00:00 ERROR Error getting remote inbox notification data feed
2020-11-01T02:35:41+00:00 ERROR WP_Error Object
(
    [errors] => Array
        (
            [http_request_failed] => Array
                (
                    [0] => cURL error 28: Resolving timed out after 5001 milliseconds
                )

        )

    [error_data] => Array
        (
        )

)

2020-11-01T02:39:00+00:00 ERROR Error getting remote inbox notification data feed
2020-11-01T02:39:00+00:00 ERROR WP_Error Object
(
    [errors] => Array
        (
            [http_request_failed] => Array
                (
                    [0] => cURL error 28: Resolving timed out after 5000 milliseconds
                )

        )

    [error_data] => Array
        (
        )

)

2020-11-01T02:39:55+00:00 ERROR Error getting remote inbox notification data feed
2020-11-01T02:39:55+00:00 ERROR WP_Error Object
(
    [errors] => Array
        (
            [http_request_failed] => Array
                (
                    [0] => cURL error 28: Resolving timed out after 5001 milliseconds
                )

        )

    [error_data] => Array
        (
        )

)

2020-11-01T02:41:02+00:00 ERROR Error getting remote inbox notification data feed
2020-11-01T02:41:02+00:00 ERROR WP_Error Object
(
    [errors] => Array
        (
            [http_request_failed] => Array
                (
                    [0] => cURL error 28: Resolving timed out after 5001 milliseconds
                )

        )

    [error_data] => Array
        (
        )

)

2020-11-01T02:42:13+00:00 ERROR Error getting remote inbox notification data feed
2020-11-01T02:42:13+00:00 ERROR WP_Error Object
(
    [errors] => Array
        (
            [http_request_failed] => Array
                (
                    [0] => cURL error 28: Resolving timed out after 5001 milliseconds
                )

        )

    [error_data] => Array
        (
        )

)

2020-11-01T02:52:12+00:00 ERROR Error getting remote inbox notification data feed
2020-11-01T02:52:12+00:00 ERROR WP_Error Object
(
    [errors] => Array
        (
            [http_request_failed] => Array
                (
                    [0] => cURL error 28: Resolving timed out after 5000 milliseconds
                )

        )

    [error_data] => Array
        (
        )

)

2020-11-01T02:53:05+00:00 ERROR Error getting remote inbox notification data feed
2020-11-01T02:53:05+00:00 ERROR WP_Error Object
(
    [errors] => Array
        (
            [http_request_failed] => Array
                (
                    [0] => cURL error 28: Resolving timed out after 5000 milliseconds
                )

        )

    [error_data] => Array
        (
        )

)

2020-11-01T02:54:36+00:00 ERROR Error getting remote inbox notification data feed
2020-11-01T02:54:36+00:00 ERROR WP_Error Object
(
    [errors] => Array
        (
            [http_request_failed] => Array
                (
                    [0] => cURL error 28: Resolving timed out after 5000 milliseconds
                )

        )

    [error_data] => Array
        (
        )

)

2020-11-01T02:55:09+00:00 ERROR Error getting remote inbox notification data feed
2020-11-01T02:55:09+00:00 ERROR WP_Error Object
(
    [errors] => Array
        (
            [http_request_failed] => Array
                (
                    [0] => cURL error 28: Resolving timed out after 5001 milliseconds
                )

        )

    [error_data] => Array
        (
        )

)

2020-11-01T02:56:28+00:00 ERROR Error getting remote inbox notification data feed
2020-11-01T02:56:28+00:00 ERROR WP_Error Object
(
    [errors] => Array
        (
            [http_request_failed] => Array
                (
                    [0] => cURL error 28: Resolving timed out after 5000 milliseconds
                )

        )

    [error_data] => Array
        (
        )

)

2020-11-01T04:19:44+00:00 ERROR Error getting remote inbox notification data feed
2020-11-01T04:19:44+00:00 ERROR WP_Error Object
(
    [errors] => Array
        (
            [http_request_failed] => Array
                (
                    [0] => cURL error 28: Resolving timed out after 5001 milliseconds
                )

        )

    [error_data] => Array
        (
        )

)

